# JRE version: OpenJDK Runtime Environment Temurin-17.0.1+12 (17.0.1+12) (build 17.0.1+12)
# Java VM: OpenJDK 64-Bit Server VM Temurin-17.0.1+12 (17.0.1+12, mixed mode, emulated-client, tiered, compressed oops, compressed class ptrs, g1 gc, windows-amd64)
GC Precious Log:
 CPUs: 8 total, 8 available
 Memory: 7835M
 Large Page Support: Disabled
 NUMA Support: Disabled
 Compressed Oops: Enabled (32-bit)
 Heap Region Size: 1M
 Heap Min Capacity: 8M
 Heap Initial Capacity: 124M
 Heap Max Capacity: 1960M
 Pre-touch: Disabled
 Parallel Workers: 8
 Concurrent Workers: 2
 Concurrent Refinement Workers: 8
 Periodic GC: Disabled
Heap:
 garbage-first heap   total 89088K, used 71310K [0x0000000085800000, 0x0000000100000000)
  region size 1024K, 48 young (49152K), 2 survivors (2048K)
 Metaspace       used 71034K, committed 71424K, reserved 1114112K
  class space    used 9471K, committed 9664K, reserved 1048576K
GC Heap History (20 events):
Event: 2.096 GC heap before
{Heap before GC invocations=12 (full 0):
 garbage-first heap   total 61440K, used 51655K [0x0000000085800000, 0x0000000100000000)
  region size 1024K, 41 young (41984K), 4 survivors (4096K)
 Metaspace       used 36592K, committed 36928K, reserved 1081344K
  class space    used 4497K, committed 4672K, reserved 1048576K
}
Event: 2.100 GC heap after
{Heap after GC invocations=13 (full 0):
 garbage-first heap   total 61440K, used 16736K [0x0000000085800000, 0x0000000100000000)
  region size 1024K, 5 young (5120K), 5 survivors (5120K)
 Metaspace       used 36592K, committed 36928K, reserved 1081344K
  class space    used 4497K, committed 4672K, reserved 1048576K
}
Event: 2.259 GC heap before
{Heap before GC invocations=13 (full 0):
 garbage-first heap   total 61440K, used 47456K [0x0000000085800000, 0x0000000100000000)
  region size 1024K, 36 young (36864K), 5 survivors (5120K)
 Metaspace       used 37983K, committed 38336K, reserved 1089536K
  class space    used 4697K, committed 4864K, reserved 1048576K
}
Event: 2.265 GC heap after
{Heap after GC invocations=14 (full 0):
 garbage-first heap   total 83968K, used 17153K [0x0000000085800000, 0x0000000100000000)
  region size 1024K, 3 young (3072K), 3 survivors (3072K)
 Metaspace       used 37983K, committed 38336K, reserved 1089536K
  class space    used 4697K, committed 4864K, reserved 1048576K
}
Event: 2.517 GC heap before
{Heap before GC invocations=14 (full 0):
 garbage-first heap   total 83968K, used 64257K [0x0000000085800000, 0x0000000100000000)
  region size 1024K, 49 young (50176K), 3 survivors (3072K)
 Metaspace       used 42355K, committed 42688K, reserved 1089536K
  class space    used 5404K, committed 5568K, reserved 1048576K
}
Event: 2.521 GC heap after
{Heap after GC invocations=15 (full 0):
 garbage-first heap   total 83968K, used 18059K [0x0000000085800000, 0x0000000100000000)
  region size 1024K, 4 young (4096K), 4 survivors (4096K)
 Metaspace       used 42355K, committed 42688K, reserved 1089536K
  class space    used 5404K, committed 5568K, reserved 1048576K
}
Event: 2.824 GC heap before
{Heap before GC invocations=15 (full 0):
 garbage-first heap   total 83968K, used 64139K [0x0000000085800000, 0x0000000100000000)
  region size 1024K, 49 young (50176K), 4 survivors (4096K)
 Metaspace       used 49306K, committed 49728K, reserved 1097728K
  class space    used 6310K, committed 6528K, reserved 1048576K
}
Event: 2.829 GC heap after
{Heap after GC invocations=16 (full 0):
 garbage-first heap   total 83968K, used 19707K [0x0000000085800000, 0x0000000100000000)
  region size 1024K, 5 young (5120K), 5 survivors (5120K)
 Metaspace       used 49306K, committed 49728K, reserved 1097728K
  class space    used 6310K, committed 6528K, reserved 1048576K
}
Event: 3.023 GC heap before
{Heap before GC invocations=16 (full 0):
 garbage-first heap   total 83968K, used 64763K [0x0000000085800000, 0x0000000100000000)
  region size 1024K, 49 young (50176K), 5 survivors (5120K)
 Metaspace       used 52761K, committed 53184K, reserved 1097728K
  class space    used 6831K, committed 7040K, reserved 1048576K
}
Event: 3.029 GC heap after
{Heap after GC invocations=17 (full 0):
 garbage-first heap   total 83968K, used 20964K [0x0000000085800000, 0x0000000100000000)
  region size 1024K, 5 young (5120K), 5 survivors (5120K)
 Metaspace       used 52761K, committed 53184K, reserved 1097728K
  class space    used 6831K, committed 7040K, reserved 1048576K
}
Event: 3.274 GC heap before
{Heap before GC invocations=17 (full 0):
 garbage-first heap   total 83968K, used 64996K [0x0000000085800000, 0x0000000100000000)
  region size 1024K, 49 young (50176K), 5 survivors (5120K)
 Metaspace       used 56691K, committed 57088K, reserved 1105920K
  class space    used 7476K, committed 7680K, reserved 1048576K
}
Event: 3.280 GC heap after
{Heap after GC invocations=18 (full 0):
 garbage-first heap   total 101376K, used 21812K [0x0000000085800000, 0x0000000100000000)
  region size 1024K, 4 young (4096K), 4 survivors (4096K)
 Metaspace       used 56691K, committed 57088K, reserved 1105920K
  class space    used 7476K, committed 7680K, reserved 1048576K
}
Event: 3.500 GC heap before
{Heap before GC invocations=18 (full 0):
 garbage-first heap   total 101376K, used 58676K [0x0000000085800000, 0x0000000100000000)
  region size 1024K, 41 young (41984K), 4 survivors (4096K)
 Metaspace       used 60132K, committed 60480K, reserved 1105920K
  class space    used 7920K, committed 8128K, reserved 1048576K
}
Event: 3.505 GC heap after
{Heap after GC invocations=19 (full 0):
 garbage-first heap   total 101376K, used 22703K [0x0000000085800000, 0x0000000100000000)
  region size 1024K, 5 young (5120K), 5 survivors (5120K)
 Metaspace       used 60132K, committed 60480K, reserved 1105920K
  class space    used 7920K, committed 8128K, reserved 1048576K
}
Event: 3.926 GC heap before
{Heap before GC invocations=20 (full 0):
 garbage-first heap   total 89088K, used 70831K [0x0000000085800000, 0x0000000100000000)
  region size 1024K, 52 young (53248K), 5 survivors (5120K)
 Metaspace       used 62990K, committed 63360K, reserved 1105920K
  class space    used 8400K, committed 8576K, reserved 1048576K
}
Event: 3.930 GC heap after
{Heap after GC invocations=21 (full 0):
 garbage-first heap   total 89088K, used 24643K [0x0000000085800000, 0x0000000100000000)
  region size 1024K, 5 young (5120K), 5 survivors (5120K)
 Metaspace       used 62990K, committed 63360K, reserved 1105920K
  class space    used 8400K, committed 8576K, reserved 1048576K
}
Event: 3.932 GC heap before
{Heap before GC invocations=21 (full 0):
 garbage-first heap   total 89088K, used 25667K [0x0000000085800000, 0x0000000100000000)
  region size 1024K, 6 young (6144K), 5 survivors (5120K)
 Metaspace       used 62990K, committed 63360K, reserved 1105920K
  class space    used 8400K, committed 8576K, reserved 1048576K
}
Event: 3.935 GC heap after
{Heap after GC invocations=22 (full 0):
 garbage-first heap   total 89088K, used 24674K [0x0000000085800000, 0x0000000100000000)
  region size 1024K, 1 young (1024K), 1 survivors (1024K)
 Metaspace       used 62990K, committed 63360K, reserved 1105920K
  class space    used 8400K, committed 8576K, reserved 1048576K
}
Event: 4.237 GC heap before
{Heap before GC invocations=22 (full 0):
 garbage-first heap   total 89088K, used 73826K [0x0000000085800000, 0x0000000100000000)
  region size 1024K, 49 young (50176K), 1 survivors (1024K)
 Metaspace       used 66718K, committed 67072K, reserved 1114112K
  class space    used 8893K, committed 9088K, reserved 1048576K
}
Event: 4.239 GC heap after
{Heap after GC invocations=23 (full 0):
 garbage-first heap   total 89088K, used 26254K [0x0000000085800000, 0x0000000100000000)
  region size 1024K, 2 young (2048K), 2 survivors (2048K)
 Metaspace       used 66718K, committed 67072K, reserved 1114112K
  class space    used 8893K, committed 9088K, reserved 1048576K
}

