# JRE version: OpenJDK Runtime Environment Temurin-17.0.1+12 (17.0.1+12) (build 17.0.1+12)
# Java VM: OpenJDK 64-Bit Server VM Temurin-17.0.1+12 (17.0.1+12, mixed mode, emulated-client, tiered, compressed oops, compressed class ptrs, g1 gc, windows-amd64)
GC Precious Log:
 CPUs: 8 total, 8 available
 Memory: 7835M
 Large Page Support: Disabled
 NUMA Support: Disabled
 Compressed Oops: Enabled (32-bit)
 Heap Region Size: 1M
 Heap Min Capacity: 8M
 Heap Initial Capacity: 124M
 Heap Max Capacity: 1960M
 Pre-touch: Disabled
 Parallel Workers: 8
 Concurrent Workers: 2
 Concurrent Refinement Workers: 8
 Periodic GC: Disabled
Heap:
 garbage-first heap   total 89088K, used 54884K [0x0000000085800000, 0x0000000100000000)
  region size 1024K, 31 young (31744K), 4 survivors (4096K)
 Metaspace       used 71085K, committed 71488K, reserved 1114112K
  class space    used 9471K, committed 9664K, reserved 1048576K
GC Heap History (20 events):
Event: 2.251 GC heap before
{Heap before GC invocations=13 (full 0):
 garbage-first heap   total 61440K, used 50845K [0x0000000085800000, 0x0000000100000000)
  region size 1024K, 40 young (40960K), 4 survivors (4096K)
 Metaspace       used 36609K, committed 36928K, reserved 1089536K
  class space    used 4496K, committed 4672K, reserved 1048576K
}
Event: 2.255 GC heap after
{Heap after GC invocations=14 (full 0):
 garbage-first heap   total 61440K, used 16582K [0x0000000085800000, 0x0000000100000000)
  region size 1024K, 4 young (4096K), 4 survivors (4096K)
 Metaspace       used 36609K, committed 36928K, reserved 1089536K
  class space    used 4496K, committed 4672K, reserved 1048576K
}
Event: 2.255 GC heap before
{Heap before GC invocations=14 (full 0):
 garbage-first heap   total 61440K, used 16582K [0x0000000085800000, 0x0000000100000000)
  region size 1024K, 5 young (5120K), 4 survivors (4096K)
 Metaspace       used 36609K, committed 36928K, reserved 1089536K
  class space    used 4496K, committed 4672K, reserved 1048576K
}
Event: 2.259 GC heap after
{Heap after GC invocations=15 (full 0):
 garbage-first heap   total 61440K, used 16277K [0x0000000085800000, 0x0000000100000000)
  region size 1024K, 1 young (1024K), 1 survivors (1024K)
 Metaspace       used 36609K, committed 36928K, reserved 1089536K
  class space    used 4496K, committed 4672K, reserved 1048576K
}
Event: 2.408 GC heap before
{Heap before GC invocations=15 (full 0):
 garbage-first heap   total 61440K, used 48021K [0x0000000085800000, 0x0000000100000000)
  region size 1024K, 33 young (33792K), 1 survivors (1024K)
 Metaspace       used 37957K, committed 38336K, reserved 1089536K
  class space    used 4691K, committed 4864K, reserved 1048576K
}
Event: 2.411 GC heap after
{Heap after GC invocations=16 (full 0):
 garbage-first heap   total 61440K, used 17494K [0x0000000085800000, 0x0000000100000000)
  region size 1024K, 2 young (2048K), 2 survivors (2048K)
 Metaspace       used 37957K, committed 38336K, reserved 1089536K
  class space    used 4691K, committed 4864K, reserved 1048576K
}
Event: 2.574 GC heap before
{Heap before GC invocations=16 (full 0):
 garbage-first heap   total 61440K, used 49238K [0x0000000085800000, 0x0000000100000000)
  region size 1024K, 33 young (33792K), 2 survivors (2048K)
 Metaspace       used 40839K, committed 41152K, reserved 1089536K
  class space    used 5101K, committed 5248K, reserved 1048576K
}
Event: 2.577 GC heap after
{Heap after GC invocations=17 (full 0):
 garbage-first heap   total 180224K, used 17947K [0x0000000085800000, 0x0000000100000000)
  region size 1024K, 2 young (2048K), 2 survivors (2048K)
 Metaspace       used 40839K, committed 41152K, reserved 1089536K
  class space    used 5101K, committed 5248K, reserved 1048576K
}
Event: 3.211 GC heap before
{Heap before GC invocations=17 (full 0):
 garbage-first heap   total 180224K, used 123419K [0x0000000085800000, 0x0000000100000000)
  region size 1024K, 105 young (107520K), 2 survivors (2048K)
 Metaspace       used 52446K, committed 52800K, reserved 1097728K
  class space    used 6806K, committed 6976K, reserved 1048576K
}
Event: 3.215 GC heap after
{Heap after GC invocations=18 (full 0):
 garbage-first heap   total 180224K, used 21195K [0x0000000085800000, 0x0000000100000000)
  region size 1024K, 5 young (5120K), 5 survivors (5120K)
 Metaspace       used 52446K, committed 52800K, reserved 1097728K
  class space    used 6806K, committed 6976K, reserved 1048576K
}
Event: 3.696 GC heap before
{Heap before GC invocations=18 (full 0):
 garbage-first heap   total 180224K, used 103115K [0x0000000085800000, 0x0000000100000000)
  region size 1024K, 87 young (89088K), 5 survivors (5120K)
 Metaspace       used 60074K, committed 60416K, reserved 1105920K
  class space    used 7911K, committed 8064K, reserved 1048576K
}
Event: 3.700 GC heap after
{Heap after GC invocations=19 (full 0):
 garbage-first heap   total 180224K, used 23132K [0x0000000085800000, 0x0000000100000000)
  region size 1024K, 7 young (7168K), 7 survivors (7168K)
 Metaspace       used 60074K, committed 60416K, reserved 1105920K
  class space    used 7911K, committed 8064K, reserved 1048576K
}
Event: 14.767 GC heap before
{Heap before GC invocations=20 (full 0):
 garbage-first heap   total 89088K, used 69212K [0x0000000085800000, 0x0000000100000000)
  region size 1024K, 52 young (53248K), 7 survivors (7168K)
 Metaspace       used 62893K, committed 63296K, reserved 1105920K
  class space    used 8389K, committed 8576K, reserved 1048576K
}
Event: 14.772 GC heap after
{Heap after GC invocations=21 (full 0):
 garbage-first heap   total 89088K, used 24644K [0x0000000085800000, 0x0000000100000000)
  region size 1024K, 4 young (4096K), 4 survivors (4096K)
 Metaspace       used 62893K, committed 63296K, reserved 1105920K
  class space    used 8389K, committed 8576K, reserved 1048576K
}
Event: 15.688 GC heap before
{Heap before GC invocations=21 (full 0):
 garbage-first heap   total 89088K, used 25668K [0x0000000085800000, 0x0000000100000000)
  region size 1024K, 5 young (5120K), 4 survivors (4096K)
 Metaspace       used 62893K, committed 63296K, reserved 1105920K
  class space    used 8389K, committed 8576K, reserved 1048576K
}
Event: 15.691 GC heap after
{Heap after GC invocations=22 (full 0):
 garbage-first heap   total 89088K, used 24690K [0x0000000085800000, 0x0000000100000000)
  region size 1024K, 1 young (1024K), 1 survivors (1024K)
 Metaspace       used 62893K, committed 63296K, reserved 1105920K
  class space    used 8389K, committed 8576K, reserved 1048576K
}
Event: 41.900 GC heap before
{Heap before GC invocations=22 (full 0):
 garbage-first heap   total 89088K, used 73842K [0x0000000085800000, 0x0000000100000000)
  region size 1024K, 49 young (50176K), 1 survivors (1024K)
 Metaspace       used 66145K, committed 66496K, reserved 1114112K
  class space    used 8796K, committed 8960K, reserved 1048576K
}
Event: 41.902 GC heap after
{Heap after GC invocations=23 (full 0):
 garbage-first heap   total 89088K, used 26233K [0x0000000085800000, 0x0000000100000000)
  region size 1024K, 2 young (2048K), 2 survivors (2048K)
 Metaspace       used 66145K, committed 66496K, reserved 1114112K
  class space    used 8796K, committed 8960K, reserved 1048576K
}
Event: 152.301 GC heap before
{Heap before GC invocations=23 (full 0):
 garbage-first heap   total 89088K, used 74361K [0x0000000085800000, 0x0000000100000000)
  region size 1024K, 49 young (50176K), 2 survivors (2048K)
 Metaspace       used 70143K, committed 70592K, reserved 1114112K
  class space    used 9354K, committed 9536K, reserved 1048576K
}
Event: 152.306 GC heap after
{Heap after GC invocations=24 (full 0):
 garbage-first heap   total 89088K, used 28260K [0x0000000085800000, 0x0000000100000000)
  region size 1024K, 4 young (4096K), 4 survivors (4096K)
 Metaspace       used 70143K, committed 70592K, reserved 1114112K
  class space    used 9354K, committed 9536K, reserved 1048576K
}

